<?xml version="1.0" encoding="UTF-8"?>
<!-- Generated by org.testng.reporters.JUnitReportReporter -->
<testsuite hostname="P-JOSHI" failures="0" tests="1" name="com.dreamportal.tests.DreamsTotalTest" time="5.452" errors="0" timestamp="2025-05-23T14:45:27 IST" skipped="0">
  <testcase classname="com.dreamportal.tests.DreamsTotalTest" name="verifyDreamsSummaryStatsAndRecurringLogic" time="5.452"/>
</testsuite> <!-- com.dreamportal.tests.DreamsTotalTest -->
