<?xml version="1.0" encoding="UTF-8"?>
<!-- Generated by org.testng.reporters.JUnitReportReporter -->
<testsuite hostname="P-JOSHI" failures="0" tests="3" name="com.dreamportal.tests.DreamsDiaryTest" time="1.357" errors="0" timestamp="2025-05-23T14:45:26 IST" skipped="0">
  <testcase classname="com.dreamportal.tests.DreamsDiaryTest" name="verifyDreamEntriesCount" time="0.020"/>
  <testcase classname="com.dreamportal.tests.DreamsDiaryTest" name="verifyDreamTypesValidity" time="0.333"/>
  <testcase classname="com.dreamportal.tests.DreamsDiaryTest" name="verifyAllColumnsAreFilled" time="1.004"/>
</testsuite> <!-- com.dreamportal.tests.DreamsDiaryTest -->
