<?xml version="1.0" encoding="UTF-8"?>
<!-- Generated by org.testng.reporters.JUnitReportReporter -->
<testsuite hostname="P-JOSHI" failures="0" tests="3" name="com.dreamportal.tests.IndexPageTest" time="17.530" errors="0" timestamp="2025-05-23T14:45:26 IST" skipped="0">
  <testcase classname="com.dreamportal.tests.IndexPageTest" name="testLoadingAnimationDuration" time="6.768"/>
  <testcase classname="com.dreamportal.tests.IndexPageTest" name="testMainContentAndButtonVisibility" time="3.326"/>
  <testcase classname="com.dreamportal.tests.IndexPageTest" name="testMyDreamsButtonOpensTabs" time="7.436"/>
</testsuite> <!-- com.dreamportal.tests.IndexPageTest -->
